Determining if the include file pthread.h exists failed with the following output:
Change Dir: D:/D Bureau/TUD/Courses/Q3/IN4152 3D Computer Graphics and Animations/CG-Paper-Presentation/practical3/out/build/x64-Debug/CMakeFiles/CMakeTmp

Run Build Command(s):C:/Program Files/Microsoft Visual Studio/2022/Community/Common7/IDE/CommonExtensions/Microsoft/CMake/Ninja/ninja.exe cmTC_539f5 && [1/2] Building C object CMakeFiles\cmTC_539f5.dir\CheckIncludeFile.c.obj
FAILED: CMakeFiles/cmTC_539f5.dir/CheckIncludeFile.c.obj 
C:\PROGRA~1\MICROS~3\2022\COMMUN~1\VC\Tools\MSVC\1430~1.307\bin\Hostx64\x64\cl.exe  /nologo   /DWIN32 /D_WINDOWS /W3  /MDd /Zi /Ob0 /Od /RTC1 /showIncludes /FoCMakeFiles\cmTC_539f5.dir\CheckIncludeFile.c.obj /FdCMakeFiles\cmTC_539f5.dir\ /FS -c "D:\D Bureau\TUD\Courses\Q3\IN4152 3D Computer Graphics and Animations\CG-Paper-Presentation\practical3\out\build\x64-Debug\CMakeFiles\CMakeTmp\CheckIncludeFile.c"
D:\D Bureau\TUD\Courses\Q3\IN4152 3D Computer Graphics and Animations\CG-Paper-Presentation\practical3\out\build\x64-Debug\CMakeFiles\CMakeTmp\CheckIncludeFile.c(1): fatal error C1083: Impossible d'ouvrir le fichier include : 'pthread.h' : No such file or directory
ninja: build stopped: subcommand failed.



